<?xml version="1.0" encoding="UTF-8"?>
<!-- Generated by org.testng.reporters.JUnitReportReporter -->
<testsuite skipped="0" hostname="DESKTOP-BD2581E" name="Data" tests="3" failures="0" timestamp="22 Oct 2020 18:35:30 GMT" time="22.704" errors="0">
  <testcase name="f" time="8.196" classname="Data"/>
  <testcase name="f" time="6.880" classname="Data"/>
  <testcase name="f" time="7.628" classname="Data"/>
</testsuite> <!-- Data -->
